<?xml version="1.0" encoding="UTF-8"?>
<testsuite name="TestPost200" tests="1" skipped="0" failures="0" errors="0" timestamp="2021-04-25T20:12:12" hostname="DESKTOP-OCS5F7E" time="1.097">
  <properties/>
  <testcase name="testPost()" classname="TestPost200" time="1.097"/>
  <system-out><![CDATA[Код состояния POST: 200
]]></system-out>
  <system-err><![CDATA[]]></system-err>
</testsuite>
