<?xml version="1.0" encoding="UTF-8"?>
<testsuite name="TestPut200" tests="1" skipped="0" failures="0" errors="0" timestamp="2021-04-25T20:12:13" hostname="DESKTOP-OCS5F7E" time="1.228">
  <properties/>
  <testcase name="testPut()" classname="TestPut200" time="1.228"/>
  <system-out><![CDATA[Код состояния PUT: 200
]]></system-out>
  <system-err><![CDATA[]]></system-err>
</testsuite>
