<?xml version="1.0" encoding="UTF-8"?>
<testsuite name="TestGet200" tests="1" skipped="0" failures="0" errors="0" timestamp="2021-04-25T20:12:10" hostname="DESKTOP-OCS5F7E" time="1.227">
  <properties/>
  <testcase name="testGet()" classname="TestGet200" time="1.227"/>
  <system-out><![CDATA[Код состояния GET: 200
]]></system-out>
  <system-err><![CDATA[]]></system-err>
</testsuite>
