<?xml version="1.0" encoding="UTF-8"?>
<testsuite name="TestDelete404" tests="1" skipped="0" failures="0" errors="0" timestamp="2021-04-25T20:12:09" hostname="DESKTOP-OCS5F7E" time="1.025">
  <properties/>
  <testcase name="testDelete404()" classname="TestDelete404" time="1.025"/>
  <system-out><![CDATA[Код состояния DELETE: 404
]]></system-out>
  <system-err><![CDATA[]]></system-err>
</testsuite>
